<?xml version="1.0" encoding="UTF-8"?>
<!-- Generated by org.testng.reporters.JUnitXMLReporter -->
<testsuite hostname="MYTSP01807" ignored="5" name="Default test" tests="2" failures="0" timestamp="2021-02-26T17:54:31 IST" time="8.595" errors="0">
  <testcase name="api_P1_invalidID" time="7.021" classname="com.eaton.easdr.api.tests.P1_SecurityTokenAPITests"/>
  <testcase name="api_P1_invalidID" time="1.284" classname="com.eaton.easdr.api.tests.P1_SecurityTokenAPITests"/>
  <testcase name="api_P1_invalidGUID" time="0.0" classname="com.eaton.easdr.api.tests.P1_SecurityTokenAPITests">
    <ignored/>
  </testcase> <!-- api_P1_invalidGUID -->
  <testcase name="api_P1_blankID" time="0.0" classname="com.eaton.easdr.api.tests.P1_SecurityTokenAPITests">
    <ignored/>
  </testcase> <!-- api_P1_blankID -->
  <testcase name="api_P1_success" time="0.0" classname="com.eaton.easdr.api.tests.P1_SecurityTokenAPITests">
    <ignored/>
  </testcase> <!-- api_P1_success -->
  <testcase name="api_P1_blankSecret" time="0.0" classname="com.eaton.easdr.api.tests.P1_SecurityTokenAPITests">
    <ignored/>
  </testcase> <!-- api_P1_blankSecret -->
  <testcase name="api_P1_InvalidSecret" time="0.0" classname="com.eaton.easdr.api.tests.P1_SecurityTokenAPITests">
    <ignored/>
  </testcase> <!-- api_P1_InvalidSecret -->
</testsuite> <!-- Default test -->
