<?xml version="1.0" encoding="UTF-8"?>
<testsuite name="Default test"
           tests="2"
           failures="0"
           errors="0"
           skipped="0"
           time="1.646">
    <properties></properties>



            <testcase
                name="successfullyLogin_BP"
                time="1.630"
                classname="com.eaton.api.tests.v1.P1_SecurityTokenAPITests">
            </testcase>
            <testcase
                name="temp"
                time="0.016"
                classname="com.eaton.api.tests.v1.P1_SecurityTokenAPITests">
            </testcase>
</testsuite>
