<?xml version="1.0" encoding="UTF-8"?>
<testng-results skipped="0" failed="0" ignored="5" total="7" passed="2">
  <reporter-output>
  </reporter-output>
  <suite name="Default suite" duration-ms="8595" started-at="2021-02-26T17:54:23 IST" finished-at="2021-02-26T17:54:31 IST">
    <groups>
    </groups>
    <test name="Default test" duration-ms="8595" started-at="2021-02-26T17:54:23 IST" finished-at="2021-02-26T17:54:31 IST">
      <class name="com.eaton.easdr.api.tests.P1_SecurityTokenAPITests">
        <test-method status="PASS" signature="api_P1_invalidID(java.lang.String, java.lang.String)[pri:0, instance:com.eaton.easdr.api.tests.P1_SecurityTokenAPITests@543295b0]" name="api_P1_invalidID" duration-ms="7021" started-at="2021-02-26T17:54:23 IST" description="Invalid Service Account ID" data-provider="InvalidSecurityAcctTokenData" finished-at="2021-02-26T17:54:30 IST">
          <params>
            <param index="0">
              <value>
                <![CDATA[a10cfc64-1b4c-4583-aa0e-ba94720ce81E]]>
              </value>
            </param>
            <param index="1">
              <value>
                <![CDATA[IMxm39~n5-Os8d9Af3PP8yC-RLAm_SdGvG]]>
              </value>
            </param>
          </params>
          <reporter-output>
          </reporter-output>
        </test-method> <!-- api_P1_invalidID -->
        <test-method status="PASS" signature="api_P1_invalidID(java.lang.String, java.lang.String)[pri:0, instance:com.eaton.easdr.api.tests.P1_SecurityTokenAPITests@543295b0]" name="api_P1_invalidID" duration-ms="1284" started-at="2021-02-26T17:54:30 IST" description="Invalid Service Account ID" data-provider="InvalidSecurityAcctTokenData" finished-at="2021-02-26T17:54:31 IST">
          <params>
            <param index="0">
              <value>
                <![CDATA[a10cfc64-1b4c-4583-aa0e-ba94720ce81E]]>
              </value>
            </param>
            <param index="1">
              <value>
                <![CDATA[IMxm39~n5-Os8d9Af3PP8yC-RLAm_SdFvF]]>
              </value>
            </param>
          </params>
          <reporter-output>
          </reporter-output>
        </test-method> <!-- api_P1_invalidID -->
      </class> <!-- com.eaton.easdr.api.tests.P1_SecurityTokenAPITests -->
    </test> <!-- Default test -->
  </suite> <!-- Default suite -->
</testng-results>
