<?xml version="1.0" encoding="UTF-8"?>
<testng-results skipped="0" failed="0" ignored="0" total="2" passed="2">
  <reporter-output>
  </reporter-output>
  <suite name="Gradle suite" duration-ms="11472" started-at="2021-02-28T15:02:50 IST" finished-at="2021-02-28T15:03:01 IST">
    <groups>
    </groups>
    <test name="Gradle test" duration-ms="11472" started-at="2021-02-28T15:02:50 IST" finished-at="2021-02-28T15:03:01 IST">
      <class name="com.eaton.easdr.api.tests.P1_SecurityTokenAPITests">
        <test-method status="PASS" signature="api_P1_success()[pri:0, instance:com.eaton.easdr.api.tests.P1_SecurityTokenAPITests@447adf2a]" name="api_P1_success" duration-ms="9647" started-at="2021-02-28T15:02:50 IST" description="Successfully login to generate Authentication token" finished-at="2021-02-28T15:02:59 IST">
          <reporter-output>
          </reporter-output>
        </test-method> <!-- api_P1_success -->
        <test-method status="PASS" signature="api_P1_success_soft()[pri:0, instance:com.eaton.easdr.api.tests.P1_SecurityTokenAPITests@447adf2a]" name="api_P1_success_soft" duration-ms="1595" started-at="2021-02-28T15:03:00 IST" description="Successfully login to generate Authentication token" finished-at="2021-02-28T15:03:01 IST">
          <reporter-output>
          </reporter-output>
        </test-method> <!-- api_P1_success_soft -->
      </class> <!-- com.eaton.easdr.api.tests.P1_SecurityTokenAPITests -->
    </test> <!-- Gradle test -->
  </suite> <!-- Gradle suite -->
</testng-results>
