<?xml version="1.0" encoding="UTF-8"?>
<testng-results skipped="0" failed="0" ignored="0" total="1" passed="1">
  <reporter-output>
  </reporter-output>
  <suite name="Gradle suite" duration-ms="2097" started-at="2021-02-24T18:03:53 IST" finished-at="2021-02-24T18:03:55 IST">
    <groups>
    </groups>
    <test name="Gradle test" duration-ms="2097" started-at="2021-02-24T18:03:53 IST" finished-at="2021-02-24T18:03:55 IST">
      <class name="com.eaton.easdr.api.tests.P1_SecurityTokenAPITests">
        <test-method status="PASS" signature="api_P1_success()[pri:0, instance:com.eaton.easdr.api.tests.P1_SecurityTokenAPITests@1496dc95]" name="api_P1_success" duration-ms="1966" started-at="2021-02-24T18:03:53 IST" description="Successfully login to generate Authentication token" finished-at="2021-02-24T18:03:55 IST">
          <reporter-output>
          </reporter-output>
        </test-method> <!-- api_P1_success -->
      </class> <!-- com.eaton.easdr.api.tests.P1_SecurityTokenAPITests -->
    </test> <!-- Gradle test -->
  </suite> <!-- Gradle suite -->
</testng-results>
